2024-01-19 18:13:44 INFO (__main__) : -------------------------- Hello  initialize API! logger -----------------------------
2024-01-19 18:13:44 INFO (root) : -------------------------- Hello  initialize API! logging-----------------------------
2024-01-19 18:17:17 INFO (__main__) : -------------------------- Hello  initialize API! logger -----------------------------
2024-01-19 18:17:17 INFO (root) : -------------------------- Hello  initialize API! logging-----------------------------
2024-01-19 18:18:17 INFO (__main__) : -------------------------- Hello  initialize API! logger -----------------------------
2024-01-19 18:18:17 INFO (root) : -------------------------- Hello  initialize API! logging-----------------------------
2024-01-19 18:18:49 INFO (__main__) : -------------------------- Hello  initialize API! logger -----------------------------
2024-01-19 18:18:49 INFO (root) : -------------------------- Hello  initialize API! logging-----------------------------
2024-01-19 18:20:17 INFO (__main__) : -------------------------- Hello  initialize API! logger -----------------------------
2024-01-19 18:20:17 INFO (root) : -------------------------- Hello  initialize API! logging-----------------------------
2024-01-22 17:28:07 INFO (__main__) : -------------------------- Hello  initialize API! logger -----------------------------
2024-01-22 17:28:07 INFO (root) : -------------------------- Hello  initialize API! logging-----------------------------
2024-01-22 17:50:12 INFO (__main__) : -------------------------- Hello  initialize API! logger -----------------------------
2024-01-22 17:50:12 INFO (root) : -------------------------- Hello  initialize API! logging-----------------------------
2024-01-22 17:50:34 INFO (__main__) : -------------------------- Hello  initialize API! logger -----------------------------
2024-01-22 17:50:34 INFO (root) : -------------------------- Hello  initialize API! logging-----------------------------
2024-01-22 17:52:32 INFO (__main__) : -------------------------- Hello  initialize API! logger -----------------------------
2024-01-22 17:52:32 INFO (root) : -------------------------- Hello  initialize API! logging-----------------------------
2024-01-22 17:52:32 DEBUG (asyncio) : Using proactor: IocpProactor
2024-01-22 17:52:32 INFO (root) : -------------------------- 000000000000 Hello  initialize API! logging-----------------------------
2024-01-22 17:52:32 INFO (server) : -------------------------- Hello  initialize API! logger -----------------------------
2024-01-22 17:52:32 INFO (root) : -------------------------- Hello  initialize API! logging-----------------------------
